This file contains any messages produced by compilers while
running configure, to aid debugging if configure makes a mistake.

It was created by NANOCAP configure DEV, which was
generated by GNU Autoconf 2.69.  Invocation command line was

  $ ./configure 

## --------- ##
## Platform. ##
## --------- ##

hostname = Marcs-MacBook-Pro.local
uname -m = x86_64
uname -r = 11.4.2
uname -s = Darwin
uname -v = Darwin Kernel Version 11.4.2: Thu Aug 23 16:25:48 PDT 2012; root:xnu-1699.32.7~1/RELEASE_X86_64

/usr/bin/uname -p = i386
/bin/uname -X     = unknown

/bin/arch              = unknown
/usr/bin/arch -k       = unknown
/usr/convex/getsysinfo = unknown
/usr/bin/hostinfo      = Mach kernel version:
	 Darwin Kernel Version 11.4.2: Thu Aug 23 16:25:48 PDT 2012; root:xnu-1699.32.7~1/RELEASE_X86_64
Kernel configured for up to 4 processors.
2 processors are physically available.
4 processors are logically available.
Processor type: i486 (Intel 80486)
Processors active: 0 1 2 3
Primary memory available: 8.00 gigabytes
Default processor set: 199 tasks, 1342 threads, 4 processors
Load average: 2.25, Mach factor: 1.75
/bin/machine           = unknown
/usr/bin/oslevel       = unknown
/bin/universe          = unknown

PATH: /opt/local/bin
PATH: /usr/local/share/python
PATH: /usr/local/bin
PATH: /usr/local/bin
PATH: /usr/bin
PATH: /bin
PATH: /usr/sbin
PATH: /sbin
PATH: /usr/local/bin
PATH: /usr/X11/bin
PATH: /usr/texbin


## ----------- ##
## Core tests. ##
## ----------- ##

configure:2532: checking for a BSD-compatible install
configure:2600: result: /usr/bin/install -c
configure:2611: checking whether build environment is sane
configure:2666: result: yes
configure:2817: checking for a thread-safe mkdir -p
configure:2856: result: ./install-sh -c -d
configure:2863: checking for gawk
configure:2893: result: no
configure:2863: checking for mawk
configure:2893: result: no
configure:2863: checking for nawk
configure:2893: result: no
configure:2863: checking for awk
configure:2879: found /usr/bin/awk
configure:2890: result: awk
configure:2901: checking whether make sets $(MAKE)
configure:2923: result: yes
configure:2952: checking whether make supports nested variables
configure:2969: result: yes
configure:3124: checking build system type
configure:3138: result: x86_64-apple-darwin11.4.2
configure:3158: checking host system type
configure:3171: result: x86_64-apple-darwin11.4.2
configure:3212: checking how to print strings
configure:3239: result: printf
configure:3272: checking for style of include used by make
configure:3300: result: GNU
configure:3371: checking for gcc
configure:3387: found /usr/bin/gcc
configure:3398: result: gcc
configure:3627: checking for C compiler version
configure:3636: gcc --version >&5
i686-apple-darwin11-llvm-gcc-4.2 (GCC) 4.2.1 (Based on Apple Inc. build 5658) (LLVM build 2336.9.00)
Copyright (C) 2007 Free Software Foundation, Inc.
This is free software; see the source for copying conditions.  There is NO
warranty; not even for MERCHANTABILITY or FITNESS FOR A PARTICULAR PURPOSE.

configure:3647: $? = 0
configure:3636: gcc -v >&5
Using built-in specs.
Target: i686-apple-darwin11
Configured with: /private/var/tmp/llvmgcc42/llvmgcc42-2336.9~22/src/configure --disable-checking --enable-werror --prefix=/Applications/Xcode.app/Contents/Developer/usr/llvm-gcc-4.2 --mandir=/share/man --enable-languages=c,objc,c++,obj-c++ --program-prefix=llvm- --program-transform-name=/^[cg][^.-]*$/s/$/-4.2/ --with-slibdir=/usr/lib --build=i686-apple-darwin11 --enable-llvm=/private/var/tmp/llvmgcc42/llvmgcc42-2336.9~22/dst-llvmCore/Developer/usr/local --program-prefix=i686-apple-darwin11- --host=x86_64-apple-darwin11 --target=i686-apple-darwin11 --with-gxx-include-dir=/usr/include/c++/4.2.1
Thread model: posix
gcc version 4.2.1 (Based on Apple Inc. build 5658) (LLVM build 2336.9.00)
configure:3647: $? = 0
configure:3636: gcc -V >&5
llvm-gcc-4.2: argument to `-V' is missing
configure:3647: $? = 1
configure:3636: gcc -qversion >&5
i686-apple-darwin11-llvm-gcc-4.2: no input files
configure:3647: $? = 1
configure:3667: checking whether the C compiler works
configure:3689: gcc    conftest.c  >&5
configure:3693: $? = 0
configure:3741: result: yes
configure:3744: checking for C compiler default output file name
configure:3746: result: a.out
configure:3752: checking for suffix of executables
configure:3759: gcc -o conftest    conftest.c  >&5
configure:3763: $? = 0
configure:3785: result: 
configure:3807: checking whether we are cross compiling
configure:3815: gcc -o conftest    conftest.c  >&5
configure:3819: $? = 0
configure:3826: ./conftest
configure:3830: $? = 0
configure:3845: result: no
configure:3850: checking for suffix of object files
configure:3872: gcc -c   conftest.c >&5
configure:3876: $? = 0
configure:3897: result: o
configure:3901: checking whether we are using the GNU C compiler
configure:3920: gcc -c   conftest.c >&5
configure:3920: $? = 0
configure:3929: result: yes
configure:3938: checking whether gcc accepts -g
configure:3958: gcc -c -g  conftest.c >&5
configure:3958: $? = 0
configure:3999: result: yes
configure:4016: checking for gcc option to accept ISO C89
configure:4079: gcc  -c -g -O2  conftest.c >&5
configure:4079: $? = 0
configure:4092: result: none needed
configure:4117: checking whether gcc understands -c and -o together
configure:4139: gcc -c conftest.c -o conftest2.o
configure:4142: $? = 0
configure:4139: gcc -c conftest.c -o conftest2.o
configure:4142: $? = 0
configure:4154: result: yes
configure:4173: checking dependency style of gcc
configure:4284: result: gcc3
configure:4299: checking for a sed that does not truncate output
configure:4363: result: /usr/bin/sed
configure:4381: checking for grep that handles long lines and -e
configure:4439: result: /usr/bin/grep
configure:4444: checking for egrep
configure:4506: result: /usr/bin/grep -E
configure:4511: checking for fgrep
configure:4573: result: /usr/bin/grep -F
configure:4608: checking for ld used by gcc
configure:4675: result: /usr/llvm-gcc-4.2/libexec/gcc/i686-apple-darwin11/4.2.1/ld
configure:4682: checking if the linker (/usr/llvm-gcc-4.2/libexec/gcc/i686-apple-darwin11/4.2.1/ld) is GNU ld
configure:4697: result: no
configure:4709: checking for BSD- or MS-compatible name lister (nm)
configure:4758: result: /usr/bin/nm
configure:4888: checking the name lister (/usr/bin/nm) interface
configure:4895: gcc -c -g -O2  conftest.c >&5
configure:4898: /usr/bin/nm "conftest.o"
configure:4901: output
00000000000001d4 S _some_variable
configure:4908: result: BSD nm
configure:4911: checking whether ln -s works
configure:4915: result: yes
configure:4923: checking the maximum length of command line arguments
configure:5053: result: 196608
configure:5070: checking whether the shell understands some XSI constructs
configure:5080: result: yes
configure:5084: checking whether the shell understands "+="
configure:5090: result: yes
configure:5125: checking how to convert x86_64-apple-darwin11.4.2 file names to x86_64-apple-darwin11.4.2 format
configure:5165: result: func_convert_file_noop
configure:5172: checking how to convert x86_64-apple-darwin11.4.2 file names to toolchain format
configure:5192: result: func_convert_file_noop
configure:5199: checking for /usr/llvm-gcc-4.2/libexec/gcc/i686-apple-darwin11/4.2.1/ld option to reload object files
configure:5206: result: -r
configure:5280: checking for objdump
configure:5310: result: no
configure:5339: checking how to recognize dependent libraries
configure:5541: result: pass_all
configure:5626: checking for dlltool
configure:5656: result: no
configure:5686: checking how to associate runtime and link libraries
configure:5713: result: printf %s\n
configure:5774: checking for ar
configure:5790: found /usr/bin/ar
configure:5801: result: ar
configure:5838: checking for archiver @FILE support
configure:5855: gcc -c -g -O2  conftest.c >&5
configure:5855: $? = 0
configure:5858: ar cru libconftest.a @conftest.lst >&5
ar: @conftest.lst: No such file or directory
configure:5861: $? = 1
configure:5881: result: no
configure:5939: checking for strip
configure:5955: found /usr/bin/strip
configure:5966: result: strip
configure:6038: checking for ranlib
configure:6054: found /usr/bin/ranlib
configure:6065: result: ranlib
configure:6167: checking command to parse /usr/bin/nm output from gcc object
configure:6287: gcc -c -g -O2  conftest.c >&5
configure:6290: $? = 0
configure:6294: /usr/bin/nm conftest.o \| sed -n -e 's/^.*[ ]\([BCDEGRST][BCDEGRST]*\)[ ][ ]*\([_A-Za-z][_A-Za-z0-9]*\)$/\1 \2 \2/p' | sed '/ __gnu_lto/d' \> conftest.nm
configure:6297: $? = 0
cannot find nm_test_var in conftest.nm
configure:6287: gcc -c -g -O2  conftest.c >&5
configure:6290: $? = 0
configure:6294: /usr/bin/nm conftest.o \| sed -n -e 's/^.*[ ]\([BCDEGRST][BCDEGRST]*\)[ ][ ]*_\([_A-Za-z][_A-Za-z0-9]*\)$/\1 _\2 \2/p' | sed '/ __gnu_lto/d' \> conftest.nm
configure:6297: $? = 0
configure:6363: gcc -o conftest -g -O2   conftest.c conftstm.o >&5
configure:6366: $? = 0
configure:6404: result: ok
configure:6441: checking for sysroot
configure:6471: result: no
configure:6727: checking for mt
configure:6757: result: no
configure:6777: checking if : is a manifest tool
configure:6783: : '-?'
configure:6791: result: no
configure:6847: checking for dsymutil
configure:6863: found /usr/bin/dsymutil
configure:6874: result: dsymutil
configure:6939: checking for nmedit
configure:6955: found /usr/bin/nmedit
configure:6966: result: nmedit
configure:7031: checking for lipo
configure:7047: found /usr/bin/lipo
configure:7058: result: lipo
configure:7123: checking for otool
configure:7139: found /usr/bin/otool
configure:7150: result: otool
configure:7215: checking for otool64
configure:7245: result: no
configure:7290: checking for -single_module linker flag
gcc -g -O2  -o libconftest.dylib -dynamiclib -Wl,-single_module conftest.c
configure:7323: result: yes
configure:7326: checking for -exported_symbols_list linker flag
configure:7346: gcc -o conftest -g -O2   -Wl,-exported_symbols_list,conftest.sym conftest.c  >&5
configure:7346: $? = 0
configure:7356: result: yes
configure:7359: checking for -force_load linker flag
gcc -g -O2 -c -o conftest.o conftest.c
ar cru libconftest.a conftest.o
ranlib libconftest.a
gcc -g -O2  -o conftest conftest.c -Wl,-force_load,./libconftest.a
configure:7391: result: yes
configure:7433: checking how to run the C preprocessor
configure:7464: gcc -E  conftest.c
configure:7464: $? = 0
configure:7478: gcc -E  conftest.c
conftest.c:11:28: error: ac_nonexistent.h: No such file or directory
configure:7478: $? = 1
configure: failed program was:
| /* confdefs.h */
| #define PACKAGE_NAME "NANOCAP"
| #define PACKAGE_TARNAME "nanocap"
| #define PACKAGE_VERSION "DEV"
| #define PACKAGE_STRING "NANOCAP DEV"
| #define PACKAGE_BUGREPORT "BUG-REPORT-ADDRESS"
| #define PACKAGE_URL ""
| #define PACKAGE "nanocap"
| #define VERSION "DEV"
| /* end confdefs.h.  */
| #include <ac_nonexistent.h>
configure:7503: result: gcc -E
configure:7523: gcc -E  conftest.c
configure:7523: $? = 0
configure:7537: gcc -E  conftest.c
conftest.c:11:28: error: ac_nonexistent.h: No such file or directory
configure:7537: $? = 1
configure: failed program was:
| /* confdefs.h */
| #define PACKAGE_NAME "NANOCAP"
| #define PACKAGE_TARNAME "nanocap"
| #define PACKAGE_VERSION "DEV"
| #define PACKAGE_STRING "NANOCAP DEV"
| #define PACKAGE_BUGREPORT "BUG-REPORT-ADDRESS"
| #define PACKAGE_URL ""
| #define PACKAGE "nanocap"
| #define VERSION "DEV"
| /* end confdefs.h.  */
| #include <ac_nonexistent.h>
configure:7566: checking for ANSI C header files
configure:7586: gcc -c -g -O2  conftest.c >&5
configure:7586: $? = 0
configure:7659: gcc -o conftest -g -O2   conftest.c  >&5
configure:7659: $? = 0
configure:7659: ./conftest
configure:7659: $? = 0
configure:7670: result: yes
configure:7683: checking for sys/types.h
configure:7683: gcc -c -g -O2  conftest.c >&5
configure:7683: $? = 0
configure:7683: result: yes
configure:7683: checking for sys/stat.h
configure:7683: gcc -c -g -O2  conftest.c >&5
configure:7683: $? = 0
configure:7683: result: yes
configure:7683: checking for stdlib.h
configure:7683: gcc -c -g -O2  conftest.c >&5
configure:7683: $? = 0
configure:7683: result: yes
configure:7683: checking for string.h
configure:7683: gcc -c -g -O2  conftest.c >&5
configure:7683: $? = 0
configure:7683: result: yes
configure:7683: checking for memory.h
configure:7683: gcc -c -g -O2  conftest.c >&5
configure:7683: $? = 0
configure:7683: result: yes
configure:7683: checking for strings.h
configure:7683: gcc -c -g -O2  conftest.c >&5
configure:7683: $? = 0
configure:7683: result: yes
configure:7683: checking for inttypes.h
configure:7683: gcc -c -g -O2  conftest.c >&5
configure:7683: $? = 0
configure:7683: result: yes
configure:7683: checking for stdint.h
configure:7683: gcc -c -g -O2  conftest.c >&5
configure:7683: $? = 0
configure:7683: result: yes
configure:7683: checking for unistd.h
configure:7683: gcc -c -g -O2  conftest.c >&5
configure:7683: $? = 0
configure:7683: result: yes
configure:7697: checking for dlfcn.h
configure:7697: gcc -c -g -O2  conftest.c >&5
configure:7697: $? = 0
configure:7697: result: yes
configure:7903: checking for objdir
configure:7918: result: .libs
configure:8185: checking if gcc supports -fno-rtti -fno-exceptions
configure:8203: gcc -c -g -O2  -fno-rtti -fno-exceptions conftest.c >&5
cc1: warning: command line option "-fno-rtti" is valid for C++/ObjC++ but not for C
configure:8207: $? = 0
configure:8220: result: no
configure:8547: checking for gcc option to produce PIC
configure:8554: result: -fno-common -DPIC
configure:8562: checking if gcc PIC flag -fno-common -DPIC works
configure:8580: gcc -c -g -O2  -fno-common -DPIC -DPIC conftest.c >&5
configure:8584: $? = 0
configure:8597: result: yes
configure:8626: checking if gcc static flag -static works
configure:8654: result: no
configure:8669: checking if gcc supports -c -o file.o
configure:8690: gcc -c -g -O2  -o out/conftest2.o conftest.c >&5
configure:8694: $? = 0
configure:8716: result: yes
configure:8724: checking if gcc supports -c -o file.o
configure:8771: result: yes
configure:8804: checking whether the gcc linker (/usr/llvm-gcc-4.2/libexec/gcc/i686-apple-darwin11/4.2.1/ld) supports shared libraries
configure:9957: result: yes
configure:10197: checking dynamic linker characteristics
configure:10930: result: darwin11.4.2 dyld
configure:11037: checking how to hardcode library paths into programs
configure:11062: result: immediate
configure:11602: checking whether stripping libraries is possible
configure:11616: result: yes
configure:11642: checking if libtool supports shared libraries
configure:11644: result: yes
configure:11647: checking whether to build shared libraries
configure:11668: result: yes
configure:11671: checking whether to build static libraries
configure:11675: result: yes
configure:11773: checking for g++
configure:11789: found /usr/bin/g++
configure:11800: result: g++
configure:11827: checking for C++ compiler version
configure:11836: g++ --version >&5
i686-apple-darwin11-llvm-g++-4.2 (GCC) 4.2.1 (Based on Apple Inc. build 5658) (LLVM build 2336.9.00)
Copyright (C) 2007 Free Software Foundation, Inc.
This is free software; see the source for copying conditions.  There is NO
warranty; not even for MERCHANTABILITY or FITNESS FOR A PARTICULAR PURPOSE.

configure:11847: $? = 0
configure:11836: g++ -v >&5
Using built-in specs.
Target: i686-apple-darwin11
Configured with: /private/var/tmp/llvmgcc42/llvmgcc42-2336.9~22/src/configure --disable-checking --enable-werror --prefix=/Applications/Xcode.app/Contents/Developer/usr/llvm-gcc-4.2 --mandir=/share/man --enable-languages=c,objc,c++,obj-c++ --program-prefix=llvm- --program-transform-name=/^[cg][^.-]*$/s/$/-4.2/ --with-slibdir=/usr/lib --build=i686-apple-darwin11 --enable-llvm=/private/var/tmp/llvmgcc42/llvmgcc42-2336.9~22/dst-llvmCore/Developer/usr/local --program-prefix=i686-apple-darwin11- --host=x86_64-apple-darwin11 --target=i686-apple-darwin11 --with-gxx-include-dir=/usr/include/c++/4.2.1
Thread model: posix
gcc version 4.2.1 (Based on Apple Inc. build 5658) (LLVM build 2336.9.00)
configure:11847: $? = 0
configure:11836: g++ -V >&5
llvm-g++-4.2: argument to `-V' is missing
configure:11847: $? = 1
configure:11836: g++ -qversion >&5
i686-apple-darwin11-llvm-g++-4.2: no input files
configure:11847: $? = 1
configure:11851: checking whether we are using the GNU C++ compiler
configure:11870: g++ -c   conftest.cpp >&5
configure:11870: $? = 0
configure:11879: result: yes
configure:11888: checking whether g++ accepts -g
configure:11908: g++ -c -g  conftest.cpp >&5
configure:11908: $? = 0
configure:11949: result: yes
configure:11974: checking dependency style of g++
configure:12085: result: gcc3
configure:12118: checking how to run the C++ preprocessor
configure:12145: g++ -E  conftest.cpp
configure:12145: $? = 0
configure:12159: g++ -E  conftest.cpp
conftest.cpp:23:28: error: ac_nonexistent.h: No such file or directory
configure:12159: $? = 1
configure: failed program was:
| /* confdefs.h */
| #define PACKAGE_NAME "NANOCAP"
| #define PACKAGE_TARNAME "nanocap"
| #define PACKAGE_VERSION "DEV"
| #define PACKAGE_STRING "NANOCAP DEV"
| #define PACKAGE_BUGREPORT "BUG-REPORT-ADDRESS"
| #define PACKAGE_URL ""
| #define PACKAGE "nanocap"
| #define VERSION "DEV"
| #define STDC_HEADERS 1
| #define HAVE_SYS_TYPES_H 1
| #define HAVE_SYS_STAT_H 1
| #define HAVE_STDLIB_H 1
| #define HAVE_STRING_H 1
| #define HAVE_MEMORY_H 1
| #define HAVE_STRINGS_H 1
| #define HAVE_INTTYPES_H 1
| #define HAVE_STDINT_H 1
| #define HAVE_UNISTD_H 1
| #define HAVE_DLFCN_H 1
| #define LT_OBJDIR ".libs/"
| /* end confdefs.h.  */
| #include <ac_nonexistent.h>
configure:12184: result: g++ -E
configure:12204: g++ -E  conftest.cpp
configure:12204: $? = 0
configure:12218: g++ -E  conftest.cpp
conftest.cpp:23:28: error: ac_nonexistent.h: No such file or directory
configure:12218: $? = 1
configure: failed program was:
| /* confdefs.h */
| #define PACKAGE_NAME "NANOCAP"
| #define PACKAGE_TARNAME "nanocap"
| #define PACKAGE_VERSION "DEV"
| #define PACKAGE_STRING "NANOCAP DEV"
| #define PACKAGE_BUGREPORT "BUG-REPORT-ADDRESS"
| #define PACKAGE_URL ""
| #define PACKAGE "nanocap"
| #define VERSION "DEV"
| #define STDC_HEADERS 1
| #define HAVE_SYS_TYPES_H 1
| #define HAVE_SYS_STAT_H 1
| #define HAVE_STDLIB_H 1
| #define HAVE_STRING_H 1
| #define HAVE_MEMORY_H 1
| #define HAVE_STRINGS_H 1
| #define HAVE_INTTYPES_H 1
| #define HAVE_STDINT_H 1
| #define HAVE_UNISTD_H 1
| #define HAVE_DLFCN_H 1
| #define LT_OBJDIR ".libs/"
| /* end confdefs.h.  */
| #include <ac_nonexistent.h>
configure:12387: checking for ld used by g++
configure:12454: result: /usr/llvm-gcc-4.2/libexec/gcc/i686-apple-darwin11/4.2.1/ld
configure:12461: checking if the linker (/usr/llvm-gcc-4.2/libexec/gcc/i686-apple-darwin11/4.2.1/ld) is GNU ld
configure:12476: result: no
configure:12531: checking whether the g++ linker (/usr/llvm-gcc-4.2/libexec/gcc/i686-apple-darwin11/4.2.1/ld) supports shared libraries
configure:13536: result: yes
configure:13572: g++ -c -g -O2  conftest.cpp >&5
configure:13575: $? = 0
configure:14095: checking for g++ option to produce PIC
configure:14102: result: -fno-common -DPIC
configure:14110: checking if g++ PIC flag -fno-common -DPIC works
configure:14128: g++ -c -g -O2  -fno-common -DPIC -DPIC conftest.cpp >&5
configure:14132: $? = 0
configure:14145: result: yes
configure:14168: checking if g++ static flag -static works
configure:14196: result: no
configure:14208: checking if g++ supports -c -o file.o
configure:14229: g++ -c -g -O2  -o out/conftest2.o conftest.cpp >&5
configure:14233: $? = 0
configure:14255: result: yes
configure:14260: checking if g++ supports -c -o file.o
configure:14307: result: yes
configure:14337: checking whether the g++ linker (/usr/llvm-gcc-4.2/libexec/gcc/i686-apple-darwin11/4.2.1/ld) supports shared libraries
configure:14373: result: yes
configure:14514: checking dynamic linker characteristics
configure:15181: result: darwin11.4.2 dyld
configure:15234: checking how to hardcode library paths into programs
configure:15259: result: immediate
configure:15347: checking for gcc
configure:15374: result: gcc
configure:15603: checking for C compiler version
configure:15612: gcc --version >&5
i686-apple-darwin11-llvm-gcc-4.2 (GCC) 4.2.1 (Based on Apple Inc. build 5658) (LLVM build 2336.9.00)
Copyright (C) 2007 Free Software Foundation, Inc.
This is free software; see the source for copying conditions.  There is NO
warranty; not even for MERCHANTABILITY or FITNESS FOR A PARTICULAR PURPOSE.

configure:15623: $? = 0
configure:15612: gcc -v >&5
Using built-in specs.
Target: i686-apple-darwin11
Configured with: /private/var/tmp/llvmgcc42/llvmgcc42-2336.9~22/src/configure --disable-checking --enable-werror --prefix=/Applications/Xcode.app/Contents/Developer/usr/llvm-gcc-4.2 --mandir=/share/man --enable-languages=c,objc,c++,obj-c++ --program-prefix=llvm- --program-transform-name=/^[cg][^.-]*$/s/$/-4.2/ --with-slibdir=/usr/lib --build=i686-apple-darwin11 --enable-llvm=/private/var/tmp/llvmgcc42/llvmgcc42-2336.9~22/dst-llvmCore/Developer/usr/local --program-prefix=i686-apple-darwin11- --host=x86_64-apple-darwin11 --target=i686-apple-darwin11 --with-gxx-include-dir=/usr/include/c++/4.2.1
Thread model: posix
gcc version 4.2.1 (Based on Apple Inc. build 5658) (LLVM build 2336.9.00)
configure:15623: $? = 0
configure:15612: gcc -V >&5
llvm-gcc-4.2: argument to `-V' is missing
configure:15623: $? = 1
configure:15612: gcc -qversion >&5
i686-apple-darwin11-llvm-gcc-4.2: no input files
configure:15623: $? = 1
configure:15627: checking whether we are using the GNU C compiler
configure:15655: result: yes
configure:15664: checking whether gcc accepts -g
configure:15725: result: yes
configure:15742: checking for gcc option to accept ISO C89
configure:15818: result: none needed
configure:15843: checking whether gcc understands -c and -o together
configure:15880: result: yes
configure:15899: checking dependency style of gcc
configure:16010: result: gcc3
configure:16079: checking for gfortran
configure:16095: found /usr/local/bin/gfortran
configure:16106: result: gfortran
configure:16132: checking for Fortran compiler version
configure:16141: gfortran --version >&5
GNU Fortran (GCC) 4.6.2 20111019 (prerelease)
Copyright (C) 2011 Free Software Foundation, Inc.

GNU Fortran comes with NO WARRANTY, to the extent permitted by law.
You may redistribute copies of GNU Fortran
under the terms of the GNU General Public License.
For more information about these matters, see the file named COPYING

configure:16152: $? = 0
configure:16141: gfortran -v >&5
Using built-in specs.
COLLECT_GCC=gfortran
COLLECT_LTO_WRAPPER=/usr/local/gfortran/libexec/gcc/x86_64-apple-darwin11/4.6.2/lto-wrapper
Target: x86_64-apple-darwin11
Configured with: ../gcc-4.6.2-RC-20111019/configure --prefix=/usr/local/gfortran --with-gmp=/Users/fx/devel/gcc/deps-static/x86_64 --enable-languages=c,c++,fortran,objc,obj-c++ --build=x86_64-apple-darwin11
Thread model: posix
gcc version 4.6.2 20111019 (prerelease) (GCC) 
configure:16152: $? = 0
configure:16141: gfortran -V >&5
gfortran: error: unrecognized option '-V'
gfortran: fatal error: no input files
compilation terminated.
configure:16152: $? = 1
configure:16141: gfortran -qversion >&5
gfortran: error: unrecognized option '-qversion'
gfortran: fatal error: no input files
compilation terminated.
configure:16152: $? = 1
configure:16161: checking whether we are using the GNU Fortran compiler
configure:16174: gfortran -c   conftest.F >&5
configure:16174: $? = 0
configure:16183: result: yes
configure:16189: checking whether gfortran accepts -g
configure:16200: gfortran -c -g  conftest.f >&5
configure:16200: $? = 0
configure:16208: result: yes
configure:16347: checking if libtool supports shared libraries
configure:16349: result: yes
configure:16352: checking whether to build shared libraries
configure:16372: result: yes
configure:16375: checking whether to build static libraries
configure:16379: result: yes
configure:16413: gfortran -c -g -O2  conftest.f >&5
configure:16416: $? = 0
configure:16845: checking for gfortran option to produce PIC
configure:16852: result: -fno-common
configure:16860: checking if gfortran PIC flag -fno-common works
configure:16878: gfortran -c -g -O2 -fno-common  conftest.f >&5
configure:16882: $? = 0
configure:16895: result: yes
configure:16918: checking if gfortran static flag -static works
configure:16946: result: no
configure:16958: checking if gfortran supports -c -o file.o
configure:16979: gfortran -c -g -O2 -o out/conftest2.o  conftest.f >&5
configure:16983: $? = 0
configure:17005: result: yes
configure:17010: checking if gfortran supports -c -o file.o
configure:17057: result: yes
configure:17087: checking whether the gfortran linker (/usr/llvm-gcc-4.2/libexec/gcc/i686-apple-darwin11/4.2.1/ld) supports shared libraries
configure:18190: result: yes
configure:18331: checking dynamic linker characteristics
configure:18992: result: darwin11.4.2 dyld
configure:19045: checking how to hardcode library paths into programs
configure:19070: result: immediate
configure:19146: checking for ranlib
configure:19173: result: ranlib
configure:19199: checking how to get verbose linking output from gfortran
configure:19209: gfortran -c -g -O2  conftest.f >&5
configure:19209: $? = 0
configure:19227: gfortran -o conftest -g -O2 -v conftest.f
Using built-in specs.
Target: x86_64-apple-darwin11
Thread model: posix
gcc version 4.6.2 20111019 (prerelease) (GCC) 
 /usr/local/gfortran/libexec/gcc/x86_64-apple-darwin11/4.6.2/f951 conftest.f -ffixed-form -fPIC -feliminate-unused-debug-symbols -quiet -dumpbase conftest.f -mmacosx-version-min=10.7.4 -mtune=core2 -auxbase conftest -g -O2 -version -fintrinsic-modules-path /usr/local/gfortran/lib/gcc/x86_64-apple-darwin11/4.6.2/finclude -o /var/folders/3w/s29npkfd2195m08nyk7jcll00000gp/T//ccKvdCrr.s
GNU Fortran (GCC) version 4.6.2 20111019 (prerelease) (x86_64-apple-darwin11)
	compiled by GNU C version 4.6.2 20111019 (prerelease), GMP version 5.0.2, MPFR version 3.0.1-p4, MPC version 0.9
GGC heuristics: --param ggc-min-expand=100 --param ggc-min-heapsize=131072
GNU Fortran (GCC) version 4.6.2 20111019 (prerelease) (x86_64-apple-darwin11)
	compiled by GNU C version 4.6.2 20111019 (prerelease), GMP version 5.0.2, MPFR version 3.0.1-p4, MPC version 0.9
GGC heuristics: --param ggc-min-expand=100 --param ggc-min-heapsize=131072
 as -arch x86_64 -force_cpusubtype_ALL -o /var/folders/3w/s29npkfd2195m08nyk7jcll00000gp/T//ccSGpEdD.o /var/folders/3w/s29npkfd2195m08nyk7jcll00000gp/T//ccKvdCrr.s
Reading specs from /usr/local/gfortran/lib/gcc/x86_64-apple-darwin11/4.6.2/../../../libgfortran.spec
rename spec lib to liborig
 /usr/local/gfortran/libexec/gcc/x86_64-apple-darwin11/4.6.2/collect2 -dynamic -arch x86_64 -macosx_version_min 10.7.4 -weak_reference_mismatches non-weak -o conftest -lcrt1.10.5.o -L/usr/local/gfortran/lib/gcc/x86_64-apple-darwin11/4.6.2 -L/usr/local/gfortran/lib/gcc/x86_64-apple-darwin11/4.6.2/../../.. /var/folders/3w/s29npkfd2195m08nyk7jcll00000gp/T//ccSGpEdD.o -lgfortran -no_compact_unwind -lSystem -lgcc_ext.10.5 -lgcc -lquadmath -lm -lgcc_ext.10.5 -lgcc -lSystem -v -idsym -dsym
collect2 version 4.6.2 20111019 (prerelease) (x86_64 Darwin)
/usr/bin/ld -dynamic -arch x86_64 -macosx_version_min 10.7.4 -weak_reference_mismatches non-weak -o conftest -lcrt1.10.5.o -L/usr/local/gfortran/lib/gcc/x86_64-apple-darwin11/4.6.2 -L/usr/local/gfortran/lib/gcc/x86_64-apple-darwin11/4.6.2/../../.. /var/folders/3w/s29npkfd2195m08nyk7jcll00000gp/T//ccSGpEdD.o -lgfortran -no_compact_unwind -lSystem -lgcc_ext.10.5 -lgcc -lquadmath -lm -lgcc_ext.10.5 -lgcc -lSystem -v
@(#)PROGRAM:ld  PROJECT:ld64-128.2
Library search paths:
	/usr/local/gfortran/lib/gcc/x86_64-apple-darwin11/4.6.2
	/usr/local/gfortran/lib
	/usr/lib
	/usr/local/lib
Framework search paths:
	/Library/Frameworks/
	/System/Library/Frameworks/
dsymutil conftest
configure:19310: result: -v
configure:19312: checking for Fortran libraries of gfortran
configure:19335: gfortran -o conftest -g -O2 -v conftest.f
Using built-in specs.
Target: x86_64-apple-darwin11
Thread model: posix
gcc version 4.6.2 20111019 (prerelease) (GCC) 
 /usr/local/gfortran/libexec/gcc/x86_64-apple-darwin11/4.6.2/f951 conftest.f -ffixed-form -fPIC -feliminate-unused-debug-symbols -quiet -dumpbase conftest.f -mmacosx-version-min=10.7.4 -mtune=core2 -auxbase conftest -g -O2 -version -fintrinsic-modules-path /usr/local/gfortran/lib/gcc/x86_64-apple-darwin11/4.6.2/finclude -o /var/folders/3w/s29npkfd2195m08nyk7jcll00000gp/T//cc2mOkV1.s
GNU Fortran (GCC) version 4.6.2 20111019 (prerelease) (x86_64-apple-darwin11)
	compiled by GNU C version 4.6.2 20111019 (prerelease), GMP version 5.0.2, MPFR version 3.0.1-p4, MPC version 0.9
GGC heuristics: --param ggc-min-expand=100 --param ggc-min-heapsize=131072
GNU Fortran (GCC) version 4.6.2 20111019 (prerelease) (x86_64-apple-darwin11)
	compiled by GNU C version 4.6.2 20111019 (prerelease), GMP version 5.0.2, MPFR version 3.0.1-p4, MPC version 0.9
GGC heuristics: --param ggc-min-expand=100 --param ggc-min-heapsize=131072
 as -arch x86_64 -force_cpusubtype_ALL -o /var/folders/3w/s29npkfd2195m08nyk7jcll00000gp/T//ccAElRzD.o /var/folders/3w/s29npkfd2195m08nyk7jcll00000gp/T//cc2mOkV1.s
Reading specs from /usr/local/gfortran/lib/gcc/x86_64-apple-darwin11/4.6.2/../../../libgfortran.spec
rename spec lib to liborig
 /usr/local/gfortran/libexec/gcc/x86_64-apple-darwin11/4.6.2/collect2 -dynamic -arch x86_64 -macosx_version_min 10.7.4 -weak_reference_mismatches non-weak -o conftest -lcrt1.10.5.o -L/usr/local/gfortran/lib/gcc/x86_64-apple-darwin11/4.6.2 -L/usr/local/gfortran/lib/gcc/x86_64-apple-darwin11/4.6.2/../../.. /var/folders/3w/s29npkfd2195m08nyk7jcll00000gp/T//ccAElRzD.o -lgfortran -no_compact_unwind -lSystem -lgcc_ext.10.5 -lgcc -lquadmath -lm -lgcc_ext.10.5 -lgcc -lSystem -v -idsym -dsym
collect2 version 4.6.2 20111019 (prerelease) (x86_64 Darwin)
/usr/bin/ld -dynamic -arch x86_64 -macosx_version_min 10.7.4 -weak_reference_mismatches non-weak -o conftest -lcrt1.10.5.o -L/usr/local/gfortran/lib/gcc/x86_64-apple-darwin11/4.6.2 -L/usr/local/gfortran/lib/gcc/x86_64-apple-darwin11/4.6.2/../../.. /var/folders/3w/s29npkfd2195m08nyk7jcll00000gp/T//ccAElRzD.o -lgfortran -no_compact_unwind -lSystem -lgcc_ext.10.5 -lgcc -lquadmath -lm -lgcc_ext.10.5 -lgcc -lSystem -v
@(#)PROGRAM:ld  PROJECT:ld64-128.2
Library search paths:
	/usr/local/gfortran/lib/gcc/x86_64-apple-darwin11/4.6.2
	/usr/local/gfortran/lib
	/usr/lib
	/usr/local/lib
Framework search paths:
	/Library/Frameworks/
	/System/Library/Frameworks/
dsymutil conftest
configure:19531: result:  -L/usr/local/gfortran/lib/gcc/x86_64-apple-darwin11/4.6.2 -L/usr/local/gfortran/lib/gcc/x86_64-apple-darwin11/4.6.2/../../.. -lgfortran -lquadmath -lm
configure:19546: checking for Fortran flag needed to accept free-form source
configure:19565: gfortran -c -g -O2  conftest.f >&5
conftest.f:2.3:

  program freeform                                                      
   1
Error: Non-numeric character in statement label at (1)
conftest.f:2.3:

  program freeform                                                      
   1
Error: Unclassifiable statement at (1)
conftest.f:4.25:

       print *, 'Hello ', &                                             
                         1
Error: Expected expression in PRINT statement at (1)
conftest.f:5.11:

          'world.'                                                      
           1
Error: Invalid character in name at (1)
configure:19565: $? = 1
configure: failed program was:
| 
|   program freeform
|        ! FIXME: how to best confuse non-freeform compilers?
|        print *, 'Hello ', &
|           'world.'
|        end
configure:19565: gfortran -c -g -O2 -ffree-form  conftest.f >&5
configure:19565: $? = 0
configure:19574: result: -ffree-form
configure:19598: checking stddef.h usability
configure:19598: gcc -c -g -O2  conftest.c >&5
configure:19598: $? = 0
configure:19598: result: yes
configure:19598: checking stddef.h presence
configure:19598: gcc -E  conftest.c
configure:19598: $? = 0
configure:19598: result: yes
configure:19598: checking for stddef.h
configure:19598: result: yes
configure:19598: checking for stdlib.h
configure:19598: result: yes
configure:19598: checking for string.h
configure:19598: result: yes
configure:19610: checking for stdbool.h that conforms to C99
configure:19677: gcc -c -g -O2  conftest.c >&5
configure:19677: $? = 0
configure:19684: result: yes
configure:19686: checking for _Bool
configure:19686: gcc -c -g -O2  conftest.c >&5
configure:19686: $? = 0
configure:19686: gcc -c -g -O2  conftest.c >&5
conftest.c: In function 'main':
conftest.c:62: error: expected expression before ')' token
configure:19686: $? = 1
configure: failed program was:
| /* confdefs.h */
| #define PACKAGE_NAME "NANOCAP"
| #define PACKAGE_TARNAME "nanocap"
| #define PACKAGE_VERSION "DEV"
| #define PACKAGE_STRING "NANOCAP DEV"
| #define PACKAGE_BUGREPORT "BUG-REPORT-ADDRESS"
| #define PACKAGE_URL ""
| #define PACKAGE "nanocap"
| #define VERSION "DEV"
| #define STDC_HEADERS 1
| #define HAVE_SYS_TYPES_H 1
| #define HAVE_SYS_STAT_H 1
| #define HAVE_STDLIB_H 1
| #define HAVE_STRING_H 1
| #define HAVE_MEMORY_H 1
| #define HAVE_STRINGS_H 1
| #define HAVE_INTTYPES_H 1
| #define HAVE_STDINT_H 1
| #define HAVE_UNISTD_H 1
| #define HAVE_DLFCN_H 1
| #define LT_OBJDIR ".libs/"
| #define HAVE_STDDEF_H 1
| #define HAVE_STDLIB_H 1
| #define HAVE_STRING_H 1
| /* end confdefs.h.  */
| #include <stdio.h>
| #ifdef HAVE_SYS_TYPES_H
| # include <sys/types.h>
| #endif
| #ifdef HAVE_SYS_STAT_H
| # include <sys/stat.h>
| #endif
| #ifdef STDC_HEADERS
| # include <stdlib.h>
| # include <stddef.h>
| #else
| # ifdef HAVE_STDLIB_H
| #  include <stdlib.h>
| # endif
| #endif
| #ifdef HAVE_STRING_H
| # if !defined STDC_HEADERS && defined HAVE_MEMORY_H
| #  include <memory.h>
| # endif
| # include <string.h>
| #endif
| #ifdef HAVE_STRINGS_H
| # include <strings.h>
| #endif
| #ifdef HAVE_INTTYPES_H
| # include <inttypes.h>
| #endif
| #ifdef HAVE_STDINT_H
| # include <stdint.h>
| #endif
| #ifdef HAVE_UNISTD_H
| # include <unistd.h>
| #endif
| int
| main ()
| {
| if (sizeof ((_Bool)))
| 	    return 0;
|   ;
|   return 0;
| }
configure:19686: result: yes
configure:19697: checking for inline
configure:19713: gcc -c -g -O2  conftest.c >&5
configure:19713: $? = 0
configure:19721: result: inline
configure:19743: checking for stdlib.h
configure:19743: result: yes
configure:19753: checking for GNU libc compatible malloc
configure:19777: gcc -o conftest -g -O2   conftest.c  >&5
configure:19777: $? = 0
configure:19777: ./conftest
configure:19777: $? = 0
configure:19787: result: yes
configure:19810: checking for sqrt
configure:19810: gcc -o conftest -g -O2   conftest.c  >&5
conftest.c:52: warning: conflicting types for built-in function 'sqrt'
configure:19810: $? = 0
configure:19810: result: yes
configure:19967: checking that generated files are newer than configure
configure:19973: result: done
configure:20004: creating ./config.status

## ---------------------- ##
## Running config.status. ##
## ---------------------- ##

This file was extended by NANOCAP config.status DEV, which was
generated by GNU Autoconf 2.69.  Invocation command line was

  CONFIG_FILES    = 
  CONFIG_HEADERS  = 
  CONFIG_LINKS    = 
  CONFIG_COMMANDS = 
  $ ./config.status 

on Marcs-MacBook-Pro.local

config.status:1119: creating Makefile
config.status:1119: creating src/Makefile
config.status:1291: executing depfiles commands
config.status:1291: executing libtool commands

## ---------------- ##
## Cache variables. ##
## ---------------- ##

ac_cv_build=x86_64-apple-darwin11.4.2
ac_cv_c_compiler_gnu=yes
ac_cv_c_inline=inline
ac_cv_cxx_compiler_gnu=yes
ac_cv_env_CCC_set=
ac_cv_env_CCC_value=
ac_cv_env_CC_set=
ac_cv_env_CC_value=
ac_cv_env_CFLAGS_set=
ac_cv_env_CFLAGS_value=
ac_cv_env_CPPFLAGS_set=
ac_cv_env_CPPFLAGS_value=
ac_cv_env_CPP_set=
ac_cv_env_CPP_value=
ac_cv_env_CXXCPP_set=
ac_cv_env_CXXCPP_value=
ac_cv_env_CXXFLAGS_set=
ac_cv_env_CXXFLAGS_value=
ac_cv_env_CXX_set=
ac_cv_env_CXX_value=
ac_cv_env_FCFLAGS_set=
ac_cv_env_FCFLAGS_value=
ac_cv_env_FC_set=
ac_cv_env_FC_value=
ac_cv_env_LDFLAGS_set=
ac_cv_env_LDFLAGS_value=
ac_cv_env_LIBS_set=
ac_cv_env_LIBS_value=
ac_cv_env_build_alias_set=
ac_cv_env_build_alias_value=
ac_cv_env_host_alias_set=
ac_cv_env_host_alias_value=
ac_cv_env_target_alias_set=
ac_cv_env_target_alias_value=
ac_cv_fc_compiler_gnu=yes
ac_cv_fc_freeform=-ffree-form
ac_cv_fc_libs=' -L/usr/local/gfortran/lib/gcc/x86_64-apple-darwin11/4.6.2 -L/usr/local/gfortran/lib/gcc/x86_64-apple-darwin11/4.6.2/../../.. -lgfortran -lquadmath -lm'
ac_cv_func_malloc_0_nonnull=yes
ac_cv_func_sqrt=yes
ac_cv_header_dlfcn_h=yes
ac_cv_header_inttypes_h=yes
ac_cv_header_memory_h=yes
ac_cv_header_stdbool_h=yes
ac_cv_header_stdc=yes
ac_cv_header_stddef_h=yes
ac_cv_header_stdint_h=yes
ac_cv_header_stdlib_h=yes
ac_cv_header_string_h=yes
ac_cv_header_strings_h=yes
ac_cv_header_sys_stat_h=yes
ac_cv_header_sys_types_h=yes
ac_cv_header_unistd_h=yes
ac_cv_host=x86_64-apple-darwin11.4.2
ac_cv_objext=o
ac_cv_path_EGREP='/usr/bin/grep -E'
ac_cv_path_FGREP='/usr/bin/grep -F'
ac_cv_path_GREP=/usr/bin/grep
ac_cv_path_SED=/usr/bin/sed
ac_cv_path_install='/usr/bin/install -c'
ac_cv_prog_AWK=awk
ac_cv_prog_CPP='gcc -E'
ac_cv_prog_CXXCPP='g++ -E'
ac_cv_prog_ac_ct_AR=ar
ac_cv_prog_ac_ct_CC=gcc
ac_cv_prog_ac_ct_CXX=g++
ac_cv_prog_ac_ct_DSYMUTIL=dsymutil
ac_cv_prog_ac_ct_FC=gfortran
ac_cv_prog_ac_ct_LIPO=lipo
ac_cv_prog_ac_ct_NMEDIT=nmedit
ac_cv_prog_ac_ct_OTOOL=otool
ac_cv_prog_ac_ct_RANLIB=ranlib
ac_cv_prog_ac_ct_STRIP=strip
ac_cv_prog_cc_c89=
ac_cv_prog_cc_g=yes
ac_cv_prog_cxx_g=yes
ac_cv_prog_fc_g=yes
ac_cv_prog_fc_v=-v
ac_cv_prog_make_make_set=yes
ac_cv_type__Bool=yes
am_cv_CC_dependencies_compiler_type=gcc3
am_cv_CXX_dependencies_compiler_type=gcc3
am_cv_make_support_nested_variables=yes
am_cv_prog_cc_c_o=yes
lt_cv_apple_cc_single_mod=yes
lt_cv_ar_at_file=no
lt_cv_deplibs_check_method=pass_all
lt_cv_file_magic_cmd='$MAGIC_CMD'
lt_cv_file_magic_test_file=
lt_cv_ld_exported_symbols_list=yes
lt_cv_ld_force_load=yes
lt_cv_ld_reload_flag=-r
lt_cv_nm_interface='BSD nm'
lt_cv_objdir=.libs
lt_cv_path_LD=/usr/llvm-gcc-4.2/libexec/gcc/i686-apple-darwin11/4.2.1/ld
lt_cv_path_LDCXX=/usr/llvm-gcc-4.2/libexec/gcc/i686-apple-darwin11/4.2.1/ld
lt_cv_path_NM=/usr/bin/nm
lt_cv_path_mainfest_tool=no
lt_cv_prog_compiler_c_o=yes
lt_cv_prog_compiler_c_o_CXX=yes
lt_cv_prog_compiler_c_o_FC=yes
lt_cv_prog_compiler_pic='-fno-common -DPIC'
lt_cv_prog_compiler_pic_CXX='-fno-common -DPIC'
lt_cv_prog_compiler_pic_FC=-fno-common
lt_cv_prog_compiler_pic_works=yes
lt_cv_prog_compiler_pic_works_CXX=yes
lt_cv_prog_compiler_pic_works_FC=yes
lt_cv_prog_compiler_rtti_exceptions=no
lt_cv_prog_compiler_static_works=no
lt_cv_prog_compiler_static_works_CXX=no
lt_cv_prog_compiler_static_works_FC=no
lt_cv_prog_gnu_ld=no
lt_cv_prog_gnu_ldcxx=no
lt_cv_sharedlib_from_linklib_cmd='printf %s\n'
lt_cv_sys_global_symbol_pipe='sed -n -e '\''s/^.*[	 ]\([BCDEGRST][BCDEGRST]*\)[	 ][	 ]*_\([_A-Za-z][_A-Za-z0-9]*\)$/\1 _\2 \2/p'\'' | sed '\''/ __gnu_lto/d'\'''
lt_cv_sys_global_symbol_to_c_name_address='sed -n -e '\''s/^: \([^ ]*\)[ ]*$/  {\"\1\", (void *) 0},/p'\'' -e '\''s/^[BCDEGRST]* \([^ ]*\) \([^ ]*\)$/  {"\2", (void *) \&\2},/p'\'''
lt_cv_sys_global_symbol_to_c_name_address_lib_prefix='sed -n -e '\''s/^: \([^ ]*\)[ ]*$/  {\"\1\", (void *) 0},/p'\'' -e '\''s/^[BCDEGRST]* \([^ ]*\) \(lib[^ ]*\)$/  {"\2", (void *) \&\2},/p'\'' -e '\''s/^[BCDEGRST]* \([^ ]*\) \([^ ]*\)$/  {"lib\2", (void *) \&\2},/p'\'''
lt_cv_sys_global_symbol_to_cdecl='sed -n -e '\''s/^T .* \(.*\)$/extern int \1();/p'\'' -e '\''s/^[BCDEGRST]* .* \(.*\)$/extern char \1;/p'\'''
lt_cv_sys_max_cmd_len=196608
lt_cv_to_host_file_cmd=func_convert_file_noop
lt_cv_to_tool_file_cmd=func_convert_file_noop

## ----------------- ##
## Output variables. ##
## ----------------- ##

ACLOCAL='${SHELL} /Users/marc/Dropbox/SourceCode/NanoCap/dev/src-dev/nanocap/ext/edip/missing aclocal-1.14'
AMDEPBACKSLASH='\'
AMDEP_FALSE='#'
AMDEP_TRUE=''
AMTAR='$${TAR-tar}'
AM_BACKSLASH='\'
AM_DEFAULT_V='$(AM_DEFAULT_VERBOSITY)'
AM_DEFAULT_VERBOSITY='1'
AM_V='$(V)'
AR='ar'
AUTOCONF='${SHELL} /Users/marc/Dropbox/SourceCode/NanoCap/dev/src-dev/nanocap/ext/edip/missing autoconf'
AUTOHEADER='${SHELL} /Users/marc/Dropbox/SourceCode/NanoCap/dev/src-dev/nanocap/ext/edip/missing autoheader'
AUTOMAKE='${SHELL} /Users/marc/Dropbox/SourceCode/NanoCap/dev/src-dev/nanocap/ext/edip/missing automake-1.14'
AWK='awk'
CC='gcc'
CCDEPMODE='depmode=gcc3'
CFLAGS='-g -O2'
CPP='gcc -E'
CPPFLAGS=''
CXX='g++'
CXXCPP='g++ -E'
CXXDEPMODE='depmode=gcc3'
CXXFLAGS='-g -O2'
CYGPATH_W='echo'
DEFS='-DPACKAGE_NAME=\"NANOCAP\" -DPACKAGE_TARNAME=\"nanocap\" -DPACKAGE_VERSION=\"DEV\" -DPACKAGE_STRING=\"NANOCAP\ DEV\" -DPACKAGE_BUGREPORT=\"BUG-REPORT-ADDRESS\" -DPACKAGE_URL=\"\" -DPACKAGE=\"nanocap\" -DVERSION=\"DEV\" -DSTDC_HEADERS=1 -DHAVE_SYS_TYPES_H=1 -DHAVE_SYS_STAT_H=1 -DHAVE_STDLIB_H=1 -DHAVE_STRING_H=1 -DHAVE_MEMORY_H=1 -DHAVE_STRINGS_H=1 -DHAVE_INTTYPES_H=1 -DHAVE_STDINT_H=1 -DHAVE_UNISTD_H=1 -DHAVE_DLFCN_H=1 -DLT_OBJDIR=\".libs/\" -DHAVE_STDDEF_H=1 -DHAVE_STDLIB_H=1 -DHAVE_STRING_H=1 -DHAVE__BOOL=1 -DHAVE_STDLIB_H=1 -DHAVE_MALLOC=1 -DHAVE_SQRT=1'
DEPDIR='.deps'
DLLTOOL='false'
DSYMUTIL='dsymutil'
DUMPBIN=''
ECHO_C='\c'
ECHO_N=''
ECHO_T=''
EGREP='/usr/bin/grep -E'
EXEEXT=''
FC='gfortran'
FCFLAGS='-g -O2 -ffree-form'
FCLIBS=' -L/usr/local/gfortran/lib/gcc/x86_64-apple-darwin11/4.6.2 -L/usr/local/gfortran/lib/gcc/x86_64-apple-darwin11/4.6.2/../../.. -lgfortran -lquadmath -lm'
FGREP='/usr/bin/grep -F'
GREP='/usr/bin/grep'
INSTALL_DATA='${INSTALL} -m 644'
INSTALL_PROGRAM='${INSTALL}'
INSTALL_SCRIPT='${INSTALL}'
INSTALL_STRIP_PROGRAM='$(install_sh) -c -s'
LD='/usr/llvm-gcc-4.2/libexec/gcc/i686-apple-darwin11/4.2.1/ld'
LDFLAGS=''
LIBOBJS=''
LIBS=''
LIBTOOL='$(SHELL) $(top_builddir)/libtool'
LIPO='lipo'
LN_S='ln -s'
LTLIBOBJS=''
MAKEINFO='${SHELL} /Users/marc/Dropbox/SourceCode/NanoCap/dev/src-dev/nanocap/ext/edip/missing makeinfo'
MANIFEST_TOOL=':'
MKDIR_P='./install-sh -c -d'
NM='/usr/bin/nm'
NMEDIT='nmedit'
OBJDUMP='false'
OBJEXT='o'
OTOOL64=':'
OTOOL='otool'
PACKAGE='nanocap'
PACKAGE_BUGREPORT='BUG-REPORT-ADDRESS'
PACKAGE_NAME='NANOCAP'
PACKAGE_STRING='NANOCAP DEV'
PACKAGE_TARNAME='nanocap'
PACKAGE_URL=''
PACKAGE_VERSION='DEV'
PATH_SEPARATOR=':'
RANLIB='ranlib'
SED='/usr/bin/sed'
SET_MAKE=''
SHELL='/bin/sh'
STRIP='strip'
VERSION='DEV'
ac_ct_AR='ar'
ac_ct_CC='gcc'
ac_ct_CXX='g++'
ac_ct_DUMPBIN=''
ac_ct_FC='gfortran'
am__EXEEXT_FALSE=''
am__EXEEXT_TRUE='#'
am__fastdepCC_FALSE='#'
am__fastdepCC_TRUE=''
am__fastdepCXX_FALSE='#'
am__fastdepCXX_TRUE=''
am__include='include'
am__isrc=''
am__leading_dot='.'
am__nodep='_no'
am__quote=''
am__tar='$${TAR-tar} chof - "$$tardir"'
am__untar='$${TAR-tar} xf -'
bindir='${exec_prefix}/bin'
build='x86_64-apple-darwin11.4.2'
build_alias=''
build_cpu='x86_64'
build_os='darwin11.4.2'
build_vendor='apple'
datadir='${datarootdir}'
datarootdir='${prefix}/share'
docdir='${datarootdir}/doc/${PACKAGE_TARNAME}'
dvidir='${docdir}'
exec_prefix='${prefix}'
host='x86_64-apple-darwin11.4.2'
host_alias=''
host_cpu='x86_64'
host_os='darwin11.4.2'
host_vendor='apple'
htmldir='${docdir}'
includedir='${prefix}/include'
infodir='${datarootdir}/info'
install_sh='${SHELL} /Users/marc/Dropbox/SourceCode/NanoCap/dev/src-dev/nanocap/ext/edip/install-sh'
libdir='${exec_prefix}/lib'
libexecdir='${exec_prefix}/libexec'
localedir='${datarootdir}/locale'
localstatedir='${prefix}/var'
mandir='${datarootdir}/man'
mkdir_p='$(MKDIR_P)'
oldincludedir='/usr/include'
pdfdir='${docdir}'
prefix='/usr/local'
program_transform_name='s,x,x,'
psdir='${docdir}'
sbindir='${exec_prefix}/sbin'
sharedstatedir='${prefix}/com'
sysconfdir='${prefix}/etc'
target_alias=''

## ----------- ##
## confdefs.h. ##
## ----------- ##

/* confdefs.h */
#define PACKAGE_NAME "NANOCAP"
#define PACKAGE_TARNAME "nanocap"
#define PACKAGE_VERSION "DEV"
#define PACKAGE_STRING "NANOCAP DEV"
#define PACKAGE_BUGREPORT "BUG-REPORT-ADDRESS"
#define PACKAGE_URL ""
#define PACKAGE "nanocap"
#define VERSION "DEV"
#define STDC_HEADERS 1
#define HAVE_SYS_TYPES_H 1
#define HAVE_SYS_STAT_H 1
#define HAVE_STDLIB_H 1
#define HAVE_STRING_H 1
#define HAVE_MEMORY_H 1
#define HAVE_STRINGS_H 1
#define HAVE_INTTYPES_H 1
#define HAVE_STDINT_H 1
#define HAVE_UNISTD_H 1
#define HAVE_DLFCN_H 1
#define LT_OBJDIR ".libs/"
#define HAVE_STDDEF_H 1
#define HAVE_STDLIB_H 1
#define HAVE_STRING_H 1
#define HAVE__BOOL 1
#define HAVE_STDLIB_H 1
#define HAVE_MALLOC 1
#define HAVE_SQRT 1

configure: exit 0
